Arguments: 
  /usr/local/bin/node /Users/karthikeyan/.npm-packages/bin/yarn init 0y

PATH: 
  /Users/karthikeyan/.amplify/bin:/Users/karthikeyan/.gem/ruby/2.6.0/bin:/Users/karthikeyan/.rbenv/shims:/Users/karthikeyan/.gem/ruby/2.6.0/bin:/Users/karthikeyan/.rbenv/shims:/opt/homebrew/bin:/opt/homebrew/sbin:/usr/local/bin:/usr/bin:/bin:/usr/sbin:/sbin:/Library/Apple/usr/bin:/Users/karthikeyan/.npm-packages/bin:/Users/karthikeyan/.npm-packages/bin

Yarn version: 
  1.22.10

Node version: 
  12.22.4

Platform: 
  darwin x64

Trace: 
  Error: canceled
      at Interface.<anonymous> (/Users/karthikeyan/.npm-packages/lib/node_modules/yarn/lib/cli.js:136216:13)
      at Interface.emit (events.js:314:20)
      at Interface._ttyWrite (readline.js:868:16)
      at ReadStream.onkeypress (readline.js:205:10)
      at ReadStream.emit (events.js:314:20)
      at emitKeys (internal/readline/utils.js:335:14)
      at emitKeys.next (<anonymous>)
      at ReadStream.onData (readline.js:1137:36)
      at ReadStream.emit (events.js:314:20)
      at addChunk (_stream_readable.js:297:12)

npm manifest: 
  No manifest

yarn manifest: 
  No manifest

Lockfile: 
  No lockfile
